\BOOKMARK [0][-]{chapter.1}{Introduction}{}% 1
\BOOKMARK [1][-]{section.1.1}{Aims and Objectives}{chapter.1}% 2
\BOOKMARK [2][-]{subsection.1.1.1}{Deliverables}{section.1.1}% 3
\BOOKMARK [0][-]{chapter.2}{Literature Review}{}% 4
\BOOKMARK [1][-]{section.2.1}{Problem background}{chapter.2}% 5
\BOOKMARK [2][-]{subsection.2.1.1}{Synthesizer programming}{section.2.1}% 6
\BOOKMARK [2][-]{subsection.2.1.2}{Sound matching}{section.2.1}% 7
\BOOKMARK [1][-]{section.2.2}{Audio descriptors}{chapter.2}% 8
\BOOKMARK [2][-]{subsection.2.2.1}{Mel-frequency Cepstrum Coefficients}{section.2.2}% 9
\BOOKMARK [1][-]{section.2.3}{Synthesis}{chapter.2}% 10
\BOOKMARK [1][-]{section.2.4}{Predictions}{chapter.2}% 11
\BOOKMARK [1][-]{section.2.5}{Alternatives to sound matching}{chapter.2}% 12
\BOOKMARK [0][-]{chapter.3}{Methods}{}% 13
\BOOKMARK [1][-]{section.3.1}{Audio descriptors}{chapter.3}% 14
\BOOKMARK [2][-]{subsection.3.1.1}{Mel-frequency Cepstrum Coefficients}{section.3.1}% 15
\BOOKMARK [2][-]{subsection.3.1.2}{Spectral Flux}{section.3.1}% 16
\BOOKMARK [1][-]{section.3.2}{Predictions}{chapter.3}% 17
\BOOKMARK [2][-]{subsection.3.2.1}{Dataset}{section.3.2}% 18
\BOOKMARK [2][-]{subsection.3.2.2}{Neural networks}{section.3.2}% 19
\BOOKMARK [1][-]{section.3.3}{Synthesis}{chapter.3}% 20
\BOOKMARK [2][-]{subsection.3.3.1}{Granular Synthesis}{section.3.3}% 21
\BOOKMARK [2][-]{subsection.3.3.2}{Implemnting Granular Synthesis in JUCE}{section.3.3}% 22
\BOOKMARK [1][-]{section.3.4}{Integration}{chapter.3}% 23
\BOOKMARK [0][-]{chapter.4}{Results and Analysis}{}% 24
\BOOKMARK [1][-]{section.4.1}{Methodologies}{chapter.4}% 25
\BOOKMARK [1][-]{section.4.2}{Audio descriptors}{chapter.4}% 26
\BOOKMARK [1][-]{section.4.3}{Granular Synthesis}{chapter.4}% 27
\BOOKMARK [1][-]{section.4.4}{Neural Networks}{chapter.4}% 28
\BOOKMARK [1][-]{section.4.5}{Sound similarity}{chapter.4}% 29
\BOOKMARK [2][-]{subsection.4.5.1}{Quantitative evaluation}{section.4.5}% 30
\BOOKMARK [2][-]{subsection.4.5.2}{Qualitative evaluation}{section.4.5}% 31
\BOOKMARK [1][-]{section.4.6}{User experience}{chapter.4}% 32
\BOOKMARK [0][-]{chapter.5}{Discussion}{}% 33
\BOOKMARK [1][-]{section.5.1}{Summary of Findings}{chapter.5}% 34
\BOOKMARK [1][-]{section.5.2}{Evaluation}{chapter.5}% 35
\BOOKMARK [2][-]{subsection.5.2.1}{Project objective 1: a helpful tool}{section.5.2}% 36
\BOOKMARK [2][-]{subsection.5.2.2}{Project objective 2: alternative to presets}{section.5.2}% 37
\BOOKMARK [2][-]{subsection.5.2.3}{Project objective 3: more than randomisation}{section.5.2}% 38
\BOOKMARK [1][-]{section.5.3}{Future Work}{chapter.5}% 39
\BOOKMARK [2][-]{subsection.5.3.1}{Implementing more sophisticated neural networks}{section.5.3}% 40
\BOOKMARK [2][-]{subsection.5.3.2}{Creating a database of samples that can be used}{section.5.3}% 41
\BOOKMARK [0][-]{chapter.6}{Conclusion}{}% 42
\BOOKMARK [1][-]{section.Alph0.1}{Title of Appendix A}{chapter.6}% 43
