This is pdfTeX, Version 3.14159265-2.6-1.40.19 (TeX Live 2018/Arch Linux) (preloaded format=pdflatex 2019.5.5)  11 MAY 2019 21:07
entering extended mode
 restricted \write18 enabled.
 file:line:error style messages enabled.
 %&-line parsing enabled.
**dissertation.tex
(./dissertation.tex
LaTeX2e <2018-12-01>
(/usr/share/texmf-dist/tex/latex/base/report.cls
Document Class: report 2018/09/03 v1.4i Standard LaTeX document class
(/usr/share/texmf-dist/tex/latex/base/size10.clo
File: size10.clo 2018/09/03 v1.4i Standard LaTeX file (size option)
)
\c@part=\count80
\c@chapter=\count81
\c@section=\count82
\c@subsection=\count83
\c@subsubsection=\count84
\c@paragraph=\count85
\c@subparagraph=\count86
\c@figure=\count87
\c@table=\count88
\abovecaptionskip=\skip41
\belowcaptionskip=\skip42
\bibindent=\dimen102
)
(/usr/share/texmf-dist/tex/latex/graphics/graphicx.sty
Package: graphicx 2017/06/01 v1.1a Enhanced LaTeX Graphics (DPC,SPQR)

(/usr/share/texmf-dist/tex/latex/graphics/keyval.sty
Package: keyval 2014/10/28 v1.15 key=value parser (DPC)
\KV@toks@=\toks14
)
(/usr/share/texmf-dist/tex/latex/graphics/graphics.sty
Package: graphics 2017/06/25 v1.2c Standard LaTeX Graphics (DPC,SPQR)

(/usr/share/texmf-dist/tex/latex/graphics/trig.sty
Package: trig 2016/01/03 v1.10 sin cos tan (DPC)
)
(/usr/share/texmf-dist/tex/latex/graphics-cfg/graphics.cfg
File: graphics.cfg 2016/06/04 v1.11 sample graphics configuration
)
Package graphics Info: Driver file: pdftex.def on input line 99.

(/usr/share/texmf-dist/tex/latex/graphics-def/pdftex.def
File: pdftex.def 2018/01/08 v1.0l Graphics/color driver for pdftex
))
\Gin@req@height=\dimen103
\Gin@req@width=\dimen104
)
(/usr/share/texmf-dist/tex/latex/oberdiek/ifdraft.sty
Package: ifdraft 2016/05/16 v1.4 Detect class options draft and final (HO)
)
(/usr/share/texmf-dist/tex/latex/amsmath/amsmath.sty
Package: amsmath 2018/12/01 v2.17b AMS math features
\@mathmargin=\skip43

For additional information on amsmath, use the `?' option.
(/usr/share/texmf-dist/tex/latex/amsmath/amstext.sty
Package: amstext 2000/06/29 v2.01 AMS text

(/usr/share/texmf-dist/tex/latex/amsmath/amsgen.sty
File: amsgen.sty 1999/11/30 v2.0 generic functions
\@emptytoks=\toks15
\ex@=\dimen105
))
(/usr/share/texmf-dist/tex/latex/amsmath/amsbsy.sty
Package: amsbsy 1999/11/29 v1.2d Bold Symbols
\pmbraise@=\dimen106
)
(/usr/share/texmf-dist/tex/latex/amsmath/amsopn.sty
Package: amsopn 2016/03/08 v2.02 operator names
)
\inf@bad=\count89
LaTeX Info: Redefining \frac on input line 223.
\uproot@=\count90
\leftroot@=\count91
LaTeX Info: Redefining \overline on input line 385.
\classnum@=\count92
\DOTSCASE@=\count93
LaTeX Info: Redefining \ldots on input line 482.
LaTeX Info: Redefining \dots on input line 485.
LaTeX Info: Redefining \cdots on input line 606.
\Mathstrutbox@=\box27
\strutbox@=\box28
\big@size=\dimen107
LaTeX Font Info:    Redeclaring font encoding OML on input line 729.
LaTeX Font Info:    Redeclaring font encoding OMS on input line 730.
\macc@depth=\count94
\c@MaxMatrixCols=\count95
\dotsspace@=\muskip10
\c@parentequation=\count96
\dspbrk@lvl=\count97
\tag@help=\toks16
\row@=\count98
\column@=\count99
\maxfields@=\count100
\andhelp@=\toks17
\eqnshift@=\dimen108
\alignsep@=\dimen109
\tagshift@=\dimen110
\tagwidth@=\dimen111
\totwidth@=\dimen112
\lineht@=\dimen113
\@envbody=\toks18
\multlinegap=\skip44
\multlinetaggap=\skip45
\mathdisplay@stack=\toks19
LaTeX Info: Redefining \[ on input line 2844.
LaTeX Info: Redefining \] on input line 2845.
)
(/usr/share/texmf-dist/tex/latex/amsfonts/amsfonts.sty
Package: amsfonts 2013/01/14 v3.01 Basic AMSFonts support
\symAMSa=\mathgroup4
\symAMSb=\mathgroup5
LaTeX Font Info:    Overwriting math alphabet `\mathfrak' in version `bold'
(Font)                  U/euf/m/n --> U/euf/b/n on input line 106.
)
(/usr/share/texmf-dist/tex/latex/amsfonts/amssymb.sty
Package: amssymb 2013/01/14 v3.01 AMS font symbols
)
(/usr/share/texmf-dist/tex/latex/graphics/rotating.sty
Package: rotating 2016/08/11 v2.16d rotated objects in LaTeX

(/usr/share/texmf-dist/tex/latex/base/ifthen.sty
Package: ifthen 2014/09/29 v1.1c Standard LaTeX ifthen package (DPC)
)
\c@r@tfl@t=\count101
\rotFPtop=\skip46
\rotFPbot=\skip47
\rot@float@box=\box29
\rot@mess@toks=\toks20
)
(/usr/share/texmf-dist/tex/latex/hyperref/hyperref.sty
Package: hyperref 2018/11/30 v6.88e Hypertext links for LaTeX

(/usr/share/texmf-dist/tex/generic/oberdiek/hobsub-hyperref.sty
Package: hobsub-hyperref 2016/05/16 v1.14 Bundle oberdiek, subset hyperref (HO)


(/usr/share/texmf-dist/tex/generic/oberdiek/hobsub-generic.sty
Package: hobsub-generic 2016/05/16 v1.14 Bundle oberdiek, subset generic (HO)
Package: hobsub 2016/05/16 v1.14 Construct package bundles (HO)
Package: infwarerr 2016/05/16 v1.4 Providing info/warning/error messages (HO)
Package: ltxcmds 2016/05/16 v1.23 LaTeX kernel commands for general use (HO)
Package: ifluatex 2016/05/16 v1.4 Provides the ifluatex switch (HO)
Package ifluatex Info: LuaTeX not detected.
Package: ifvtex 2016/05/16 v1.6 Detect VTeX and its facilities (HO)
Package ifvtex Info: VTeX not detected.
Package: intcalc 2016/05/16 v1.2 Expandable calculations with integers (HO)
Package: ifpdf 2018/09/07 v3.3 Provides the ifpdf switch
Package: etexcmds 2016/05/16 v1.6 Avoid name clashes with e-TeX commands (HO)
Package etexcmds Info: Could not find \expanded.
(etexcmds)             That can mean that you are not using pdfTeX 1.50 or
(etexcmds)             that some package has redefined \expanded.
(etexcmds)             In the latter case, load this package earlier.
Package: kvsetkeys 2016/05/16 v1.17 Key value parser (HO)
Package: kvdefinekeys 2016/05/16 v1.4 Define keys (HO)
Package: pdftexcmds 2018/09/10 v0.29 Utility functions of pdfTeX for LuaTeX (HO
)
Package pdftexcmds Info: LuaTeX not detected.
Package pdftexcmds Info: \pdf@primitive is available.
Package pdftexcmds Info: \pdf@ifprimitive is available.
Package pdftexcmds Info: \pdfdraftmode found.
Package: pdfescape 2016/05/16 v1.14 Implements pdfTeX's escape features (HO)
Package: bigintcalc 2016/05/16 v1.4 Expandable calculations on big integers (HO
)
Package: bitset 2016/05/16 v1.2 Handle bit-vector datatype (HO)
Package: uniquecounter 2016/05/16 v1.3 Provide unlimited unique counter (HO)
)
Package hobsub Info: Skipping package `hobsub' (already loaded).
Package: letltxmacro 2016/05/16 v1.5 Let assignment for LaTeX macros (HO)
Package: hopatch 2016/05/16 v1.3 Wrapper for package hooks (HO)
Package: xcolor-patch 2016/05/16 xcolor patch
Package: atveryend 2016/05/16 v1.9 Hooks at the very end of document (HO)
Package atveryend Info: \enddocument detected (standard20110627).
Package: atbegshi 2016/06/09 v1.18 At begin shipout hook (HO)
Package: refcount 2016/05/16 v3.5 Data extraction from label references (HO)
Package: hycolor 2016/05/16 v1.8 Color options for hyperref/bookmark (HO)
)
(/usr/share/texmf-dist/tex/generic/ifxetex/ifxetex.sty
Package: ifxetex 2010/09/12 v0.6 Provides ifxetex conditional
)
(/usr/share/texmf-dist/tex/latex/oberdiek/auxhook.sty
Package: auxhook 2016/05/16 v1.4 Hooks for auxiliary files (HO)
)
(/usr/share/texmf-dist/tex/latex/oberdiek/kvoptions.sty
Package: kvoptions 2016/05/16 v3.12 Key value format for package options (HO)
)
\@linkdim=\dimen114
\Hy@linkcounter=\count102
\Hy@pagecounter=\count103

(/usr/share/texmf-dist/tex/latex/hyperref/pd1enc.def
File: pd1enc.def 2018/11/30 v6.88e Hyperref: PDFDocEncoding definition (HO)
Now handling font encoding PD1 ...
... no UTF-8 mapping file for font encoding PD1
)
\Hy@SavedSpaceFactor=\count104

(/usr/share/texmf-dist/tex/latex/latexconfig/hyperref.cfg
File: hyperref.cfg 2002/06/06 v1.2 hyperref configuration of TeXLive
)
Package hyperref Info: Hyper figures OFF on input line 4519.
Package hyperref Info: Link nesting OFF on input line 4524.
Package hyperref Info: Hyper index ON on input line 4527.
Package hyperref Info: Plain pages OFF on input line 4534.
Package hyperref Info: Backreferencing OFF on input line 4539.
Package hyperref Info: Implicit mode ON; LaTeX internals redefined.
Package hyperref Info: Bookmarks ON on input line 4772.
\c@Hy@tempcnt=\count105

(/usr/share/texmf-dist/tex/latex/url/url.sty
\Urlmuskip=\muskip11
Package: url 2013/09/16  ver 3.4  Verb mode for urls, etc.
)
LaTeX Info: Redefining \url on input line 5125.
\XeTeXLinkMargin=\dimen115
\Fld@menulength=\count106
\Field@Width=\dimen116
\Fld@charsize=\dimen117
Package hyperref Info: Hyper figures OFF on input line 6380.
Package hyperref Info: Link nesting OFF on input line 6385.
Package hyperref Info: Hyper index ON on input line 6388.
Package hyperref Info: backreferencing OFF on input line 6395.
Package hyperref Info: Link coloring OFF on input line 6400.
Package hyperref Info: Link coloring with OCG OFF on input line 6405.
Package hyperref Info: PDF/A mode OFF on input line 6410.
LaTeX Info: Redefining \ref on input line 6450.
LaTeX Info: Redefining \pageref on input line 6454.
\Hy@abspage=\count107
\c@Item=\count108
\c@Hfootnote=\count109
)
Package hyperref Info: Driver (autodetected): hpdftex.

(/usr/share/texmf-dist/tex/latex/hyperref/hpdftex.def
File: hpdftex.def 2018/11/30 v6.88e Hyperref driver for pdfTeX
\Fld@listcount=\count110
\c@bookmark@seq@number=\count111

(/usr/share/texmf-dist/tex/latex/oberdiek/rerunfilecheck.sty
Package: rerunfilecheck 2016/05/16 v1.8 Rerun checks for auxiliary files (HO)
Package uniquecounter Info: New unique counter `rerunfilecheck' on input line 2
82.
)
\Hy@SectionHShift=\skip48
)
(/usr/share/texmf-dist/tex/latex/subfig/subfig.sty
Package: subfig 2005/06/28 ver: 1.3 subfig package

(/usr/share/texmf-dist/tex/latex/caption/caption.sty
Package: caption 2018/10/06 v3.3-154 Customizing captions (AR)

(/usr/share/texmf-dist/tex/latex/caption/caption3.sty
Package: caption3 2018/09/12 v1.8c caption3 kernel (AR)
Package caption3 Info: TeX engine: e-TeX on input line 64.
\captionmargin=\dimen118
\captionmargin@=\dimen119
\captionwidth=\dimen120
\caption@tempdima=\dimen121
\caption@indent=\dimen122
\caption@parindent=\dimen123
\caption@hangindent=\dimen124
)
\c@caption@flags=\count112
\c@ContinuedFloat=\count113
Package caption Info: hyperref package is loaded.
Package caption Info: rotating package is loaded.
)
\c@KVtest=\count114
\sf@farskip=\skip49
\sf@captopadj=\dimen125
\sf@capskip=\skip50
\sf@nearskip=\skip51
\c@subfigure=\count115
\c@subfigure@save=\count116
\c@lofdepth=\count117
\c@subtable=\count118
\c@subtable@save=\count119
\c@lotdepth=\count120
\sf@top=\skip52
\sf@bottom=\skip53
)
(/usr/share/texmf-dist/tex/latex/appendix/appendix.sty
Package: appendix 2009/09/02 v1.2b extra appendix facilities
\c@@pps=\count121
\c@@ppsavesec=\count122
\c@@ppsaveapp=\count123
)
(/usr/share/texmf-dist/tex/latex/tipa/tipa.sty
Package: tipa 2002/08/08 TIPA version 1.1

(/usr/share/texmf-dist/tex/latex/base/fontenc.sty
Package: fontenc 2018/08/11 v2.0j Standard LaTeX package

(/usr/share/texmf-dist/tex/latex/tipa/t3enc.def
File: t3enc.def 2001/12/31 T3 encoding
Now handling font encoding T3 ...
... no UTF-8 mapping file for font encoding T3
)
(/usr/share/texmf-dist/tex/latex/base/ot1enc.def
File: ot1enc.def 2018/08/11 v2.0j Standard LaTeX file
LaTeX Font Info:    Redeclaring font encoding OT1 on input line 48.
)))
(/usr/share/texmf-dist/tex/latex/clrscode/clrscode.sty
Package: clrscode 2007/03/29 v1.7 format pseudocode

(/usr/share/texmf-dist/tex/latex/base/latexsym.sty
Package: latexsym 1998/08/17 v2.2e Standard LaTeX package (lasy symbols)
\symlasy=\mathgroup6
LaTeX Font Info:    Overwriting symbol font `lasy' in version `bold'
(Font)                  U/lasy/m/n --> U/lasy/b/n on input line 52.
)
\c@codelinenumber=\count124
\c@indent=\count125
\digitwidth=\skip54
\savecode=\box30
\codeboxwidth=\skip55
\c@thisindent=\count126
)
(/usr/share/texmf-dist/tex/latex/setspace/setspace.sty
Package: setspace 2011/12/19 v6.7a set line spacing
)
(/usr/share/texmf-dist/tex/latex/textpos/textpos.sty
Package: textpos 2016/06/07 v1.8

Package: textpos 2016/06/07 1.8, absolute positioning of text on the page
(/usr/share/texmf-dist/tex/latex/ms/everyshi.sty
Package: everyshi 2001/05/15 v3.00 EveryShipout Package (MS)
)
\TP@textbox=\box31
\TP@holdbox=\box32
\TPHorizModule=\dimen126
\TPVertModule=\dimen127
\TP@margin=\dimen128
\TP@absmargin=\dimen129

Grid set 16 x 16 = 37.34424pt x 52.81541pt
\TPboxrulesize=\dimen130
\TP@ox=\dimen131
\TP@oy=\dimen132
\TP@tbargs=\toks21
\TP@prevdepth=\dimen133
TextBlockOrigin set to 0pt x 0pt
) (/usr/share/texmf-dist/tex/latex/biblatex/biblatex.sty
Package: biblatex 2018/11/02 v3.12 programmable bibliographies (PK/MW)

(/usr/share/texmf-dist/tex/latex/etoolbox/etoolbox.sty
Package: etoolbox 2018/08/19 v2.5f e-TeX tools for LaTeX (JAW)
\etb@tempcnta=\count127
)
(/usr/share/texmf-dist/tex/latex/logreq/logreq.sty
Package: logreq 2010/08/04 v1.0 xml request logger
\lrq@indent=\count128

(/usr/share/texmf-dist/tex/latex/logreq/logreq.def
File: logreq.def 2010/08/04 v1.0 logreq spec v1.0
))
\c@tabx@nest=\count129
\c@listtotal=\count130
\c@listcount=\count131
\c@liststart=\count132
\c@liststop=\count133
\c@citecount=\count134
\c@citetotal=\count135
\c@multicitecount=\count136
\c@multicitetotal=\count137
\c@instcount=\count138
\c@maxnames=\count139
\c@minnames=\count140
\c@maxitems=\count141
\c@minitems=\count142
\c@citecounter=\count143
\c@maxcitecounter=\count144
\c@savedcitecounter=\count145
\c@uniquelist=\count146
\c@uniquename=\count147
\c@refsection=\count148
\c@refsegment=\count149
\c@maxextratitle=\count150
\c@maxextratitleyear=\count151
\c@maxextraname=\count152
\c@maxextradate=\count153
\c@maxextraalpha=\count154
\c@abbrvpenalty=\count155
\c@highnamepenalty=\count156
\c@lownamepenalty=\count157
\c@maxparens=\count158
\c@parenlevel=\count159
\blx@tempcnta=\count160
\blx@tempcntb=\count161
\blx@tempcntc=\count162
\blx@maxsection=\count163
\blx@maxsegment@0=\count164
\blx@notetype=\count165
\blx@parenlevel@text=\count166
\blx@parenlevel@foot=\count167
\blx@sectionciteorder@0=\count168
\blx@entrysetcounter=\count169
\labelnumberwidth=\skip56
\labelalphawidth=\skip57
\biblabelsep=\skip58
\bibitemsep=\skip59
\bibnamesep=\skip60
\bibinitsep=\skip61
\bibparsep=\skip62
\bibhang=\skip63
\blx@bcfin=\read1
\blx@bcfout=\write3
\c@mincomprange=\count170
\c@maxcomprange=\count171
\c@mincompwidth=\count172
Package biblatex Info: Trying to load biblatex default data model...
Package biblatex Info: ... file 'blx-dm.def' found.

(/usr/share/texmf-dist/tex/latex/biblatex/blx-dm.def
File: blx-dm.def 2018/11/02 v3.12 biblatex localization (PK/MW)
)
Package biblatex Info: Trying to load biblatex style data model...
Package biblatex Info: ... file 'numeric.dbx' not found.
Package biblatex Info: Trying to load biblatex custom data model...
Package biblatex Info: ... file 'biblatex-dm.cfg' not found.
\c@afterword=\count173
\c@savedafterword=\count174
\c@annotator=\count175
\c@savedannotator=\count176
\c@author=\count177
\c@savedauthor=\count178
\c@bookauthor=\count179
\c@savedbookauthor=\count180
\c@commentator=\count181
\c@savedcommentator=\count182
\c@editor=\count183
\c@savededitor=\count184
\c@editora=\count185
\c@savededitora=\count186
\c@editorb=\count187
\c@savededitorb=\count188
\c@editorc=\count189
\c@savededitorc=\count190
\c@foreword=\count191
\c@savedforeword=\count192
\c@holder=\count193
\c@savedholder=\count194
\c@introduction=\count195
\c@savedintroduction=\count196
\c@namea=\count197
\c@savednamea=\count198
\c@nameb=\count199
\c@savednameb=\count266
\c@namec=\count267
\c@savednamec=\count268
\c@translator=\count269
\c@savedtranslator=\count270
\c@shortauthor=\count271
\c@savedshortauthor=\count272
\c@shorteditor=\count273
\c@savedshorteditor=\count274
\c@labelname=\count275
\c@savedlabelname=\count276
\c@institution=\count277
\c@savedinstitution=\count278
\c@lista=\count279
\c@savedlista=\count280
\c@listb=\count281
\c@savedlistb=\count282
\c@listc=\count283
\c@savedlistc=\count284
\c@listd=\count285
\c@savedlistd=\count286
\c@liste=\count287
\c@savedliste=\count288
\c@listf=\count289
\c@savedlistf=\count290
\c@location=\count291
\c@savedlocation=\count292
\c@organization=\count293
\c@savedorganization=\count294
\c@origlocation=\count295
\c@savedoriglocation=\count296
\c@origpublisher=\count297
\c@savedorigpublisher=\count298
\c@publisher=\count299
\c@savedpublisher=\count300
\c@language=\count301
\c@savedlanguage=\count302
\c@origlanguage=\count303
\c@savedoriglanguage=\count304
\c@pageref=\count305
\c@savedpageref=\count306
\shorthandwidth=\skip64
\shortjournalwidth=\skip65
\shortserieswidth=\skip66
\shorttitlewidth=\skip67
\shortauthorwidth=\skip68
\shorteditorwidth=\skip69
\locallabelnumberwidth=\skip70
\locallabelalphawidth=\skip71
\localshorthandwidth=\skip72
\localshortjournalwidth=\skip73
\localshortserieswidth=\skip74
\localshorttitlewidth=\skip75
\localshortauthorwidth=\skip76
\localshorteditorwidth=\skip77
Package biblatex Info: Trying to load compatibility code...
Package biblatex Info: ... file 'blx-compat.def' found.

(/usr/share/texmf-dist/tex/latex/biblatex/blx-compat.def
File: blx-compat.def 2018/11/02 v3.12 biblatex compatibility (PK/MW)
)
Package biblatex Info: Trying to load generic definitions...
Package biblatex Info: ... file 'biblatex.def' found.

(/usr/share/texmf-dist/tex/latex/biblatex/biblatex.def
File: biblatex.def 2018/11/02 v3.12 biblatex compatibility (PK/MW)
\c@textcitecount=\count307
\c@textcitetotal=\count308
\c@textcitemaxnames=\count309
\c@biburlnumpenalty=\count310
\c@biburlucpenalty=\count311
\c@biburllcpenalty=\count312
\c@smartand=\count313
)
Package biblatex Info: Trying to load bibliography style 'numeric'...
Package biblatex Info: ... file 'numeric.bbx' found.

(/usr/share/texmf-dist/tex/latex/biblatex/bbx/numeric.bbx
File: numeric.bbx 2018/11/02 v3.12 biblatex bibliography style (PK/MW)
Package biblatex Info: Trying to load bibliography style 'standard'...
Package biblatex Info: ... file 'standard.bbx' found.

(/usr/share/texmf-dist/tex/latex/biblatex/bbx/standard.bbx
File: standard.bbx 2018/11/02 v3.12 biblatex bibliography style (PK/MW)
\c@bbx:relatedcount=\count314
\c@bbx:relatedtotal=\count315
))
Package biblatex Info: Trying to load citation style 'numeric'...
Package biblatex Info: ... file 'numeric.cbx' found.

(/usr/share/texmf-dist/tex/latex/biblatex/cbx/numeric.cbx
File: numeric.cbx 2018/11/02 v3.12 biblatex citation style (PK/MW)
Package biblatex Info: Redefining '\cite'.
Package biblatex Info: Redefining '\parencite'.
Package biblatex Info: Redefining '\footcite'.
Package biblatex Info: Redefining '\footcitetext'.
Package biblatex Info: Redefining '\smartcite'.
Package biblatex Info: Redefining '\supercite'.
Package biblatex Info: Redefining '\textcite'.
Package biblatex Info: Redefining '\textcites'.
Package biblatex Info: Redefining '\cites'.
Package biblatex Info: Redefining '\parencites'.
Package biblatex Info: Redefining '\smartcites'.
)
Package biblatex Info: Trying to load configuration file...
Package biblatex Info: ... file 'biblatex.cfg' found.

(/usr/share/texmf-dist/tex/latex/biblatex/biblatex.cfg
File: biblatex.cfg 
))
(/usr/share/texmf-dist/tex/latex/listings/listings.sty
\lst@mode=\count316
\lst@gtempboxa=\box33
\lst@token=\toks22
\lst@length=\count317
\lst@currlwidth=\dimen134
\lst@column=\count318
\lst@pos=\count319
\lst@lostspace=\dimen135
\lst@width=\dimen136
\lst@newlines=\count320
\lst@lineno=\count321
\lst@maxwidth=\dimen137

(/usr/share/texmf-dist/tex/latex/listings/lstmisc.sty
File: lstmisc.sty 2018/09/02 1.7 (Carsten Heinz)
\c@lstnumber=\count322
\lst@skipnumbers=\count323
\lst@framebox=\box34
)
(/usr/share/texmf-dist/tex/latex/listings/listings.cfg
File: listings.cfg 2018/09/02 1.7 listings configuration
))
Package: listings 2018/09/02 1.7 (Carsten Heinz)

(/usr/share/texmf-dist/tex/latex/xcolor/xcolor.sty
Package: xcolor 2016/05/11 v2.12 LaTeX color extensions (UK)

(/usr/share/texmf-dist/tex/latex/graphics-cfg/color.cfg
File: color.cfg 2016/01/02 v1.6 sample color configuration
)
Package xcolor Info: Driver file: pdftex.def on input line 225.
Package xcolor Info: Model `cmy' substituted by `cmy0' on input line 1348.
Package xcolor Info: Model `hsb' substituted by `rgb' on input line 1352.
Package xcolor Info: Model `RGB' extended on input line 1364.
Package xcolor Info: Model `HTML' substituted by `rgb' on input line 1366.
Package xcolor Info: Model `Hsb' substituted by `hsb' on input line 1367.
Package xcolor Info: Model `tHsb' substituted by `hsb' on input line 1368.
Package xcolor Info: Model `HSB' substituted by `hsb' on input line 1369.
Package xcolor Info: Model `Gray' substituted by `gray' on input line 1370.
Package xcolor Info: Model `wave' substituted by `hsb' on input line 1371.
)
(/usr/share/texmf-dist/tex/latex/listings/lstlang1.sty
File: lstlang1.sty 2018/09/02 1.7 listings language file
)
(/usr/share/texmf-dist/tex/latex/listings/lstlang1.sty
File: lstlang1.sty 2018/09/02 1.7 listings language file
)
(/usr/share/texmf-dist/tex/latex/listings/lstmisc.sty
File: lstmisc.sty 2018/09/02 1.7 (Carsten Heinz)
)
(/usr/share/texmf-dist/tex/latex/geometry/geometry.sty
Package: geometry 2018/04/16 v5.8 Page Geometry
\Gm@cnth=\count324
\Gm@cntv=\count325
\c@Gm@tempcnt=\count326
\Gm@bindingoffset=\dimen138
\Gm@wd@mp=\dimen139
\Gm@odd@mp=\dimen140
\Gm@even@mp=\dimen141
\Gm@layoutwidth=\dimen142
\Gm@layoutheight=\dimen143
\Gm@layouthoffset=\dimen144
\Gm@layoutvoffset=\dimen145
\Gm@dimlist=\toks23
)
Package biblatex Info: Trying to load language 'english'...
Package biblatex Info: ... file 'english.lbx' found.

(/usr/share/texmf-dist/tex/latex/biblatex/lbx/english.lbx
File: english.lbx 2018/11/02 v3.12 biblatex localization (PK/MW)
)
\@quotelevel=\count327
\@quotereset=\count328
 (./dissertation.aux
(./abstract.aux) (./acknowledgements.aux) (./license.aux) (./abbreviations.aux)
(./intro.aux) (./literature.aux) (./methods.aux) (./results_analysis.aux)
(./discussion.aux) (./conclusion.aux))
\openout1 = `dissertation.aux'.

LaTeX Font Info:    Checking defaults for OML/cmm/m/it on input line 55.
LaTeX Font Info:    ... okay on input line 55.
LaTeX Font Info:    Checking defaults for T1/cmr/m/n on input line 55.
LaTeX Font Info:    ... okay on input line 55.
LaTeX Font Info:    Checking defaults for OT1/cmr/m/n on input line 55.
LaTeX Font Info:    ... okay on input line 55.
LaTeX Font Info:    Checking defaults for OMS/cmsy/m/n on input line 55.
LaTeX Font Info:    ... okay on input line 55.
LaTeX Font Info:    Checking defaults for OMX/cmex/m/n on input line 55.
LaTeX Font Info:    ... okay on input line 55.
LaTeX Font Info:    Checking defaults for U/cmr/m/n on input line 55.
LaTeX Font Info:    ... okay on input line 55.
LaTeX Font Info:    Checking defaults for PD1/pdf/m/n on input line 55.
LaTeX Font Info:    ... okay on input line 55.
LaTeX Font Info:    Checking defaults for T3/cmr/m/n on input line 55.
LaTeX Font Info:    Try loading font information for T3+cmr on input line 55.

(/usr/share/texmf-dist/tex/latex/tipa/t3cmr.fd
File: t3cmr.fd 2001/12/31 TIPA font definitions
)
LaTeX Font Info:    ... okay on input line 55.

(/usr/share/texmf-dist/tex/context/base/mkii/supp-pdf.mkii
[Loading MPS to PDF converter (version 2006.09.02).]
\scratchcounter=\count329
\scratchdimen=\dimen146
\scratchbox=\box35
\nofMPsegments=\count330
\nofMParguments=\count331
\everyMPshowfont=\toks24
\MPscratchCnt=\count332
\MPscratchDim=\dimen147
\MPnumerator=\count333
\makeMPintoPDFobject=\count334
\everyMPtoPDFconversion=\toks25
) (/usr/share/texmf-dist/tex/latex/oberdiek/epstopdf-base.sty
Package: epstopdf-base 2016/05/15 v2.6 Base part for package epstopdf

(/usr/share/texmf-dist/tex/latex/oberdiek/grfext.sty
Package: grfext 2016/05/16 v1.2 Manage graphics extensions (HO)
)
Package epstopdf-base Info: Redefining graphics rule for `.eps' on input line 4
38.
Package grfext Info: Graphics extension search list:
(grfext)             [.pdf,.png,.jpg,.mps,.jpeg,.jbig2,.jb2,.PDF,.PNG,.JPG,.JPE
G,.JBIG2,.JB2,.eps]
(grfext)             \AppendGraphicsExtensions on input line 456.

(/usr/share/texmf-dist/tex/latex/latexconfig/epstopdf-sys.cfg
File: epstopdf-sys.cfg 2010/07/13 v1.3 Configuration of (r)epstopdf for TeX Liv
e
))
\AtBeginShipoutBox=\box36
Package hyperref Info: Link coloring OFF on input line 55.

(/usr/share/texmf-dist/tex/latex/hyperref/nameref.sty
Package: nameref 2016/05/21 v2.44 Cross-referencing by name of section

(/usr/share/texmf-dist/tex/generic/oberdiek/gettitlestring.sty
Package: gettitlestring 2016/05/16 v1.5 Cleanup title references (HO)
)
\c@section@level=\count335
)
LaTeX Info: Redefining \ref on input line 55.
LaTeX Info: Redefining \pageref on input line 55.
LaTeX Info: Redefining \nameref on input line 55.

(./dissertation.out) (./dissertation.out)
\@outlinefile=\write4
\openout4 = `dissertation.out'.

Package caption Info: Begin \AtBeginDocument code.
Package caption Info: subfig package v1.3 is loaded.
Package caption Info: listings package is loaded.
Package caption Info: End \AtBeginDocument code.

ABD: EveryShipout initializing macros
Package biblatex Info: Input encoding 'utf8' detected.
Package biblatex Info: Automatic encoding selection.
(biblatex)             Assuming data encoding 'utf8'.
\openout3 = `dissertation.bcf'.

Package biblatex Info: Trying to load bibliographic data...
Package biblatex Info: ... file 'dissertation.bbl' found.
 (./dissertation.bbl)
Package biblatex Info: Reference section=0 on input line 55.
Package biblatex Info: Reference segment=0 on input line 55.
\c@lstlisting=\count336

*geometry* driver: auto-detecting
*geometry* detected driver: pdftex
*geometry* verbose mode - [ preamble ] result:
* driver: pdftex
* paper: a4paper
* layout: <same size as paper>
* layoutoffset:(h,v)=(0.0pt,0.0pt)
* modes: 
* h-part:(L,W,R)=(86.72377pt, 424.06033pt, 86.72377pt)
* v-part:(T,H,B)=(101.40665pt, 591.5302pt, 152.11pt)
* \paperwidth=597.50787pt
* \paperheight=845.04684pt
* \textwidth=424.06033pt
* \textheight=591.5302pt
* \oddsidemargin=14.45378pt
* \evensidemargin=14.45378pt
* \topmargin=-7.86334pt
* \headheight=12.0pt
* \headsep=25.0pt
* \topskip=10.0pt
* \footskip=30.0pt
* \marginparwidth=57.0pt
* \marginparsep=11.0pt
* \columnsep=10.0pt
* \skip\footins=9.0pt plus 4.0pt minus 2.0pt
* \hoffset=0.0pt
* \voffset=0.0pt
* \mag=1000
* \@twocolumnfalse
* \@twosidefalse
* \@mparswitchfalse
* \@reversemarginfalse
* (1in=72.27pt=25.4mm, 1cm=28.453pt)

TextBlockOrigin set to 61mm x 19mm
LaTeX Font Info:    Try loading font information for U+msa on input line 95.
(/usr/share/texmf-dist/tex/latex/amsfonts/umsa.fd
File: umsa.fd 2013/01/14 v3.01 AMS symbols A
)
LaTeX Font Info:    Try loading font information for U+msb on input line 95.

(/usr/share/texmf-dist/tex/latex/amsfonts/umsb.fd
File: umsb.fd 2013/01/14 v3.01 AMS symbols B
)
LaTeX Font Info:    Try loading font information for U+lasy on input line 95.

(/usr/share/texmf-dist/tex/latex/base/ulasy.fd
File: ulasy.fd 1998/08/17 v2.2e LaTeX symbol font definitions
) [1

{/var/lib/texmf/fonts/map/pdftex/updmap/pdftex.map}]
\openout2 = `abstract.aux'.

 (./abstract.texpdfTeX warning (ext4): destination with the same identifier (na
me{page.1}) has been already used, duplicate ignored
<to be read again> 
                   \relax 
l.5 \end{abstract}
                   [1

])
\openout2 = `acknowledgements.aux'.

 (./acknowledgements.texpdfTeX warning (ext4): destination with the same identi
fier (name{page.1}) has been already used, duplicate ignored
<to be read again> 
                   \relax 
l.4 \end{abstract}
                   [1


])
\openout2 = `license.aux'.


No file license.tex.
(./dissertation.tocpdfTeX warning (ext4): destination with the same identifier 
(name{page.1}) has been already used, duplicate ignored
<to be read again> 
                   \relax 
l.37 ...berline {3.2}Predictions}{17}{section.3.2}
                                                  % [1




])
\tf@toc=\write5
\openout5 = `dissertation.toc'.

 [2]
(./dissertation.lof)
\tf@lof=\write6
\openout6 = `dissertation.lof'.

 [3

] (./dissertation.lot)
\tf@lot=\write7
\openout7 = `dissertation.lot'.

 [4

]
\openout2 = `abbreviations.aux'.


No file abbreviations.tex.
\openout2 = `intro.aux'.

(./intro.tex
Chapter 1.
[5




]) [6]
\openout2 = `literature.aux'.

 (./literature.tex
Chapter 2.
./literature.tex:39: Missing \endcsname inserted.
<to be read again> 
                   \protect 
l.39 ...ar approach\cite{noauthor_oneohtrix_2016},
                                                   especially considering
The control sequence marked <to be read again> should
not appear between \csname and \endcsname.

[7



] [8] [9] [10]) [11]
\openout2 = `methods.aux'.

 (./methods.tex
Chapter 3.
<images/flowchart.pdf, id=308, 546.67194pt x 245.12347pt>
File: images/flowchart.pdf Graphic file (type pdf)
<use images/flowchart.pdf>
Package pdftex.def Info: images/flowchart.pdf  used on input line 14.
(pdftex.def)             Requested size: 212.03017pt x 95.07413pt.
[12



 <./images/flowchart.pdf>] [13] [14]
LaTeX Font Info:    Try loading font information for OMS+cmr on input line 172.


(/usr/share/texmf-dist/tex/latex/base/omscmr.fd
File: omscmr.fd 2014/09/29 v2.5h Standard LaTeX font definitions
)
LaTeX Font Info:    Font shape `OMS/cmr/m/n' in size <10> not available
(Font)              Font shape `OMS/cmsy/m/n' tried instead on input line 172.
<images/essentia_logic.png, id=348, 1179.40625pt x 162.6075pt>
File: images/essentia_logic.png Graphic file (type png)
<use images/essentia_logic.png>
Package pdftex.def Info: images/essentia_logic.png  used on input line 190.
(pdftex.def)             Requested size: 424.06033pt x 58.46669pt.


LaTeX Warning: `h' float specifier changed to `ht'.

[15] [16 <./images/essentia_logic.png>]
<images/dataset_example.png, id=393, 451.6875pt x 229.85875pt>
File: images/dataset_example.png Graphic file (type png)
<use images/dataset_example.png>
Package pdftex.def Info: images/dataset_example.png  used on input line 286.
(pdftex.def)             Requested size: 339.24956pt x 172.64966pt.


LaTeX Warning: `!h' float specifier changed to `!ht'.

[17] [18 <./images/dataset_example.png>] [19] [20] [21] [22] [23] [24] [25])
[26]
\openout2 = `results_analysis.aux'.

 (./results_analysis.tex
Chapter 4.
[27



]) [28]
\openout2 = `discussion.aux'.

 (./discussion.tex
Chapter 5.
) [29



]
\openout2 = `conclusion.aux'.

 (./conclusion.tex
Chapter 6.
) [30



] [31

]
LaTeX Font Info:    Font shape `OMS/cmr/m/it' in size <10> not available
(Font)              Font shape `OMS/cmsy/m/n' tried instead on input line 123.

Overfull \hbox (39.97542pt too wide) in paragraph at lines 124--124
[]\OT1/cmr/m/n/10 Matthew Her-bert. \OT1/cmr/m/it/10 man-i-festo \OMS/cmsy/m/n/
10 n\OT1/cmr/m/it/10 textbar Matthew Her-bert\OT1/cmr/m/n/10 . en-US. 2011. \OT
1/cmr/m/sc/10 url\OT1/cmr/m/n/10 : []$\OT1/cmtt/m/n/10 https : / / matthewherbe
rt .
 []

[32

]
Overfull \hbox (2.43205pt too wide) in paragraph at lines 124--124
[]\OT1/cmr/m/it/10 logan00mel.pdf\OT1/cmr/m/n/10 . \OT1/cmr/m/sc/10 url\OT1/cmr
/m/n/10 : []$\OT1/cmtt/m/n/10 http : / / musicweb . ucsd . edu / []sdubnov / CA
Tbox / Reader / logan00mel .
 []

./dissertation.tex:124: Missing \endcsname inserted.
<to be read again> 
                   \protect 
l.124 
      
The control sequence marked <to be read again> should
not appear between \csname and \endcsname.

[33]
Package atveryend Info: Empty hook `BeforeClearDocument' on input line 125.
 [34]
Package atveryend Info: Empty hook `AfterLastShipout' on input line 125.
 (./dissertation.aux (./abstract.aux) (./acknowledgements.aux)
(./license.aux) (./abbreviations.aux) (./intro.aux) (./literature.aux)
(./methods.aux) (./results_analysis.aux) (./discussion.aux) (./conclusion.aux))
Package atveryend Info: Executing hook `AtVeryEndDocument' on input line 125.
Package atveryend Info: Executing hook `AtEndAfterFileList' on input line 125.

Package rerunfilecheck Warning: File `dissertation.out' has changed.
(rerunfilecheck)                Rerun to get outlines right
(rerunfilecheck)                or use package `bookmark'.

Package rerunfilecheck Info: Checksums for `dissertation.out':
(rerunfilecheck)             Before: 8BD92DC0CC8089CFDB7C2EB023CA1AFE;2339
(rerunfilecheck)             After:  8AD07D8D13308D1926D1E33C42DC7EE5;2368.
Package logreq Info: Writing requests to 'dissertation.run.xml'.
\openout1 = `dissertation.run.xml'.

Package atveryend Info: Empty hook `AtVeryVeryEnd' on input line 125.
 )
(\end occurred inside a group at level 1)

### semi simple group (level 1) entered at line 67 (\begingroup)
### bottom level 
Here is how much of TeX's memory you used:
 18355 strings out of 492616
 292551 string characters out of 6135178
 770386 words of memory out of 5000000
 21782 multiletter control sequences out of 15000+600000
 15290 words of font info for 62 fonts, out of 8000000 for 9000
 1141 hyphenation exceptions out of 8191
 44i,7n,58p,2205b,1910s stack positions out of 5000i,500n,10000p,200000b,80000s
pdfTeX warning (dest): name{figure.caption.5} has been referenc
ed but does not exist, replaced by a fixed one

</usr/share/texmf-dist/fonts/type1/public/amsfonts/cm/cmbx10.pfb></usr/share/te
xmf-dist/fonts/type1/public/amsfonts/cm/cmbx12.pfb></usr/share/texmf-dist/fonts
/type1/public/amsfonts/cm/cmcsc10.pfb></usr/share/texmf-dist/fonts/type1/public
/amsfonts/cm/cmr10.pfb></usr/share/texmf-dist/fonts/type1/public/amsfonts/cm/cm
r12.pfb></usr/share/texmf-dist/fonts/type1/public/amsfonts/cm/cmr17.pfb></usr/s
hare/texmf-dist/fonts/type1/public/amsfonts/cm/cmr7.pfb></usr/share/texmf-dist/
fonts/type1/public/amsfonts/cm/cmsy10.pfb></usr/share/texmf-dist/fonts/type1/pu
blic/amsfonts/cm/cmti10.pfb></usr/share/texmf-dist/fonts/type1/public/amsfonts/
cm/cmtt10.pfb></usr/share/texmf-dist/fonts/type1/public/amsfonts/cm/cmtt9.pfb>
Output written on dissertation.pdf (37 pages, 356689 bytes).
PDF statistics:
 669 PDF objects out of 1000 (max. 8388607)
 603 compressed objects within 7 object streams
 208 named destinations out of 1000 (max. 500000)
 304 words of extra memory for PDF output out of 10000 (max. 10000000)

