\BOOKMARK [0][-]{chapter.1}{Introduction}{}% 1
\BOOKMARK [1][-]{section.1.1}{Aims and Objectives}{chapter.1}% 2
\BOOKMARK [2][-]{subsection.1.1.1}{Deliverables}{section.1.1}% 3
\BOOKMARK [0][-]{chapter.2}{Literature Review}{}% 4
\BOOKMARK [1][-]{section.2.1}{Problem background}{chapter.2}% 5
\BOOKMARK [2][-]{subsection.2.1.1}{Audio descriptors}{section.2.1}% 6
\BOOKMARK [2][-]{subsection.2.1.2}{Granulation}{section.2.1}% 7
\BOOKMARK [2][-]{subsection.2.1.3}{Machine Learning}{section.2.1}% 8
\BOOKMARK [0][-]{chapter.3}{Methods}{}% 9
\BOOKMARK [0][-]{chapter.4}{Results and Analysis}{}% 10
\BOOKMARK [0][-]{chapter.5}{Discussion}{}% 11
\BOOKMARK [1][-]{section.5.1}{Summary of Findings}{chapter.5}% 12
\BOOKMARK [1][-]{section.5.2}{Evaluation}{chapter.5}% 13
\BOOKMARK [1][-]{section.5.3}{Future Work}{chapter.5}% 14
\BOOKMARK [0][-]{chapter.6}{Conclusion}{}% 15
\BOOKMARK [0][-]{chapter.6}{Appendices}{}% 16
\BOOKMARK [0][-]{appendix.A}{An Appendix About Stuff}{}% 17
\BOOKMARK [0][-]{appendix.B}{Another Appendix About Things}{}% 18
\BOOKMARK [0][-]{appendix.C}{Colophon}{}% 19
\BOOKMARK [0][-]{appendix.C}{Bibliography}{}% 20
